
The following files have been resolved:
   org.springframework:spring-aop:jar:5.0.8.RELEASE:compile
   org.apache.tomcat.embed:tomcat-embed-websocket:jar:8.5.32:compile
   org.unbescape:unbescape:jar:1.1.5.RELEASE:compile
   org.apache.tomcat.embed:tomcat-embed-el:jar:8.5.32:compile
   org.apache.commons:commons-compress:jar:1.9:compile
   org.springframework.boot:spring-boot:jar:2.0.4.RELEASE:compile
   org.apache.commons:commons-lang3:jar:3.7:compile
   org.springframework:spring-messaging:jar:5.0.8.RELEASE:compile
   javax.validation:validation-api:jar:2.0.1.Final:compile
   org.thymeleaf.extras:thymeleaf-extras-java8time:jar:3.0.1.RELEASE:compile
   org.springframework:spring-web:jar:5.0.8.RELEASE:compile
   org.springframework:spring-expression:jar:5.0.8.RELEASE:compile
   com.alibaba:fastjson:jar:1.2.49:compile
   org.springframework.boot:spring-boot-starter-thymeleaf:jar:2.0.4.RELEASE:compile
   org.springframework:spring-jcl:jar:5.0.8.RELEASE:compile
   org.springframework:spring-beans:jar:5.0.8.RELEASE:compile
   org.webjars.npm:mdui:jar:0.4.0:compile
   com.fasterxml:classmate:jar:1.3.4:compile
   org.springframework.boot:spring-boot-starter-websocket:jar:2.0.4.RELEASE:compile
   org.thymeleaf:thymeleaf:jar:3.0.9.RELEASE:compile
   org.attoparser:attoparser:jar:2.0.4.RELEASE:compile
   ch.qos.logback:logback-classic:jar:1.2.3:compile
   org.apache.logging.log4j:log4j-api:jar:2.10.0:compile
   javax.annotation:javax.annotation-api:jar:1.3.2:compile
   com.fasterxml.jackson.datatype:jackson-datatype-jsr310:jar:2.9.6:compile
   org.springframework:spring-context:jar:5.0.8.RELEASE:compile
   org.springframework:spring-core:jar:5.0.8.RELEASE:compile
   org.jboss.logging:jboss-logging:jar:3.3.2.Final:compile
   com.fasterxml.jackson.core:jackson-annotations:jar:2.9.0:compile
   org.webjars:jquery:jar:3.3.1:compile
   org.springframework.boot:spring-boot-autoconfigure:jar:2.0.4.RELEASE:compile
   org.springframework.boot:spring-boot-starter-web:jar:2.0.4.RELEASE:compile
   org.hibernate.validator:hibernate-validator:jar:6.0.11.Final:compile
   org.springframework.boot:spring-boot-starter-logging:jar:2.0.4.RELEASE:compile
   org.apache.tomcat.embed:tomcat-embed-core:jar:8.5.32:compile
   org.yaml:snakeyaml:jar:1.19:runtime
   ch.qos.logback:logback-core:jar:1.2.3:compile
   org.webjars:webjars-locator-core:jar:0.35:compile
   com.fasterxml.jackson.core:jackson-databind:jar:2.9.6:compile
   com.fasterxml.jackson.datatype:jackson-datatype-jdk8:jar:2.9.6:compile
   org.springframework.boot:spring-boot-starter:jar:2.0.4.RELEASE:compile
   org.springframework.boot:spring-boot-starter-tomcat:jar:2.0.4.RELEASE:compile
   com.fasterxml.jackson.core:jackson-core:jar:2.9.6:compile
   org.springframework.boot:spring-boot-devtools:jar:2.0.4.RELEASE:runtime
   org.springframework:spring-websocket:jar:5.0.8.RELEASE:compile
   org.slf4j:slf4j-api:jar:1.7.25:compile
   com.fasterxml.jackson.module:jackson-module-parameter-names:jar:2.9.6:compile
   org.springframework.boot:spring-boot-starter-json:jar:2.0.4.RELEASE:compile
   org.springframework:spring-webmvc:jar:5.0.8.RELEASE:compile
   org.apache.logging.log4j:log4j-to-slf4j:jar:2.10.0:compile
   org.slf4j:jul-to-slf4j:jar:1.7.25:compile
   org.thymeleaf:thymeleaf-spring5:jar:3.0.9.RELEASE:compile

